* Checking for deprecated package usage... OK
* Checking for remote package usage... OK
* Checking for 'LazyData: true' usage... OK
* Checking version number... OK
* Checking version number validity... OK
* Checking R version dependency...
* NOTE: Update R version dependency from 4.1 to 4.3.0.
* Checking package size... OK
* Checking individual file sizes... OK
* Checking biocViews... OK
* Checking that biocViews are present... OK
* Checking package type based on biocViews... OK
* Checking for non-trivial biocViews... OK
* Checking that biocViews come from the same category... OK
* Checking biocViews validity... OK
* Checking for recommended biocViews...
* NOTE: Consider adding these automatically suggested biocViews: DifferentialExpression, DifferentialSplicing
* Checking build system compatibility... OK
* Checking for blank lines in DESCRIPTION... OK
* Checking if DESCRIPTION is well formatted... OK
* Checking for proper Description: field... OK
* Checking for whitespace in DESCRIPTION field names... OK
* Checking that Package field matches directory/tarball name... OK
* Checking for Version field... OK
* Checking for valid maintainer...
* NOTE: Consider adding the maintainer's ORCID iD in 'Authors@R' with 'comment=c(ORCID="...")'
* Checking License: for restrictive use... OK
* Checking for pinned package versions... OK
* Checking DESCRIPTION/NAMESPACE consistency... OK
* Checking .Rbuildignore... OK
* Checking for stray BiocCheck output folders... OK
* Checking for inst/doc folders... OK
* Checking vignette directory... OK
* Checking package installation calls in R code... OK
* Checking for library/require of saseR... OK
* Checking coding practice...
* NOTE:  Avoid 1:...; use seq_len() or seq_along()
Found in files:
BamtoAspliCounts.R (line 207, column 35)
BamtoAspliCounts.R (line 218, column 22)
BamtoAspliCounts.R (line 269, column 25)
BamtoAspliCounts.R (line 415, column 27)
saseRfit.R (line 253, column 33)
saseRfit.R (line 258, column 25)
saseRfit.R (line 280, column 52)
saseRfit.R (line 281, column 54)
saseRfit.R (line 307, column 77)
saseRfit.R (line 311, column 67)
saseRfit.R (line 393, column 16)
saseRfit.R (line 422, column 77)
* NOTE:  Avoid 'cat' and 'print' outside of 'show' methods
Found in files:
print() in R/BamtoAspliCounts.R (line 275, column 13)
print() in R/BamtoAspliCounts.R (line 279, column 13)
print() in R/saseRfindEncodingDim.R (line 423, column  5)
* NOTE:  Avoid using '=' for assignment and use '<-' instead
Found in files:
R/BamtoAspliCounts.R (line 166, column 26)
R/BamtoAspliCounts.R (line 188, column 26)
R/BamtoAspliCounts.R (line 378, column 34)
R/BamtoAspliCounts.R (line 391, column 16)
R/BamtoAspliCounts.R (line 392, column 19)
R/BamtoAspliCounts.R (line 395, column 26)
* NOTE:  Avoid the use of 'paste' in condition signals
Found in files:
R/calculateOffsets.R (line 164, column 17)
R/calculateOffsets.R (line 235, column 29)
R/calculateOffsets.R (line 251, column 21)
* Checking parsed R code in R directory, examples, vignettes... OK
* Checking function lengths...
* NOTE: The recommended function length is 50 lines or less. There are 11 functions greater than 50 lines.
The longest 5 functions are:
jcounts() (R/BamtoAspliCounts.R): 277 lines
calculateOffsets() (R/calculateOffsets.R): 148 lines
.readCounts() (R/BamtoAspliCounts.R): 135 lines
saseRfit() (R/saseRfit.R): 135 lines
.DAE_AS() (R/saseRfindEncodingDim.R):  97 lines
* Checking man page documentation... OK
* Checking package NEWS...
* NOTE: Consider adding a NEWS file, so your package news will be included in Bioconductor release announcements.
* Checking unit tests...
* NOTE: Consider adding unit tests. We strongly encourage them. See
  https://contributions.bioconductor.org/tests.html
* Checking skip_on_bioc() in tests... OK
* Checking formatting of DESCRIPTION, NAMESPACE, man pages, R source, and vignette source...
* NOTE: Consider shorter lines; 134 lines (4%) are > 80 characters long.
First few lines:
R/BamtoAspliCounts.R#L 75 #' @importFrom stats model.matrix p.adju...
R/BamtoAspliCounts.R#L137                                         ...
R/BamtoAspliCounts.R#L138                                         ...
R/BamtoAspliCounts.R#L139                                         ...
R/BamtoAspliCounts.R#L140                                         ...
R/BamtoAspliCounts.R#L141                                         ...
R/BamtoAspliCounts.R#L166     counts@.ASpliVersion = "2" #Marks AS...
R/BamtoAspliCounts.R#L194     counts@condition.order <- levels(fac...
R/BamtoAspliCounts.R#L224                                         ...
R/BamtoAspliCounts.R#L225             colnames(counts@gene.counts)...
R/BamtoAspliCounts.R#L233                                         ...
R/BamtoAspliCounts.R#L234             colnames(counts@exon.intron....
R/BamtoAspliCounts.R#L241                                        A...
R/BamtoAspliCounts.R#L242             colnames(counts@e1i.counts)[...
R/BamtoAspliCounts.R#L249                                        A...
R/BamtoAspliCounts.R#L250             colnames(counts@ie2.counts)[...
R/BamtoAspliCounts.R#L257             dt1                    <- da...
R/BamtoAspliCounts.R#L258             dt2                    <- da...
R/BamtoAspliCounts.R#L259                                         ...
R/BamtoAspliCounts.R#L261             dt3                    <- da...
R/BamtoAspliCounts.R#L263             for(s in c("junction", "gene...
R/BamtoAspliCounts.R#L269             dt3[dt2$rn, 1:8]       <- AS...
R/BamtoAspliCounts.R#L288     for(s in c("junction", "gene", "stra...
R/BamtoAspliCounts.R#L291     colnames(counts@junction.counts)[9:n...
R/BamtoAspliCounts.R#L294     junctions.order <- GRanges(seqnames=...
R/BamtoAspliCounts.R#L296     junctions.order <- paste(junctions.o...
R/BamtoAspliCounts.R#L383                 stop("Counts object is A...
R/BamtoAspliCounts.R#L423                                         ...
R/BamtoAspliCounts.R#L424                                         ...
R/BamtoAspliCounts.R#L436                     as@junctionsPIR <- c...
R/BamtoAspliCounts.R#L444             colnames(as@junctionsPIR)[c(...
R/BamtoAspliCounts.R#L448             j1 <- .sumByCond( as@junctio...
R/BamtoAspliCounts.R#L449             j2 <- .sumByCond( as@junctio...
R/BamtoAspliCounts.R#L450             j3 <- .sumByCond( as@junctio...
R/BamtoAspliCounts.R#L468         # ------------------------------...
R/BamtoAspliCounts.R#L484         e1i <- .extractCountColumns( cou...
R/BamtoAspliCounts.R#L485         ie2 <- .extractCountColumns( cou...
R/BamtoAspliCounts.R#L520         # ------------------------------...
R/BamtoAspliCounts.R#L522         # ------------------------------...
R/BamtoAspliCounts.R#L544         dfstart  <- .getJPSIByOverlap( j...
R/BamtoAspliCounts.R#L546         dfend    <- .getJPSIByOverlap( j...
R/BamtoAspliCounts.R#L548         dfwithin <- .getJPSIByOverlap( j...
R/BamtoAspliCounts.R#L552         # ------------------------------...
R/BamtoAspliCounts.R#L554         # ------------------------------...
R/BamtoAspliCounts.R#L555         # Get the subset of previosly se...
R/BamtoAspliCounts.R#L572         sumAltJ1 <- .sumByCond( .extract...
R/BamtoAspliCounts.R#L574         sumAltJ2 <- .sumByCond( .extract...
R/BamtoAspliCounts.R#L576         sumAltJ3 <- .sumByCond( .extract...
R/BamtoAspliCounts.R#L579         altPsiValues <- ( sumAltJ1 + sum...
R/BamtoAspliCounts.R#L593         # ------------------------------...
R/BamtoAspliCounts.R#L595         # ------------------------------...
R/BamtoAspliCounts.R#L596         # Get the subset of previosly se...
R/BamtoAspliCounts.R#L597         # with an exon skipping event an...
R/BamtoAspliCounts.R#L619         esPsiValues <- ( sumEsJ1 + sumEs...
R/BamtoAspliCounts.R#L634         # ------------------------------...
R/calculateOffsets.R#L 96 #' @importFrom stats model.matrix p.adju...
R/calculateOffsets.R#L131         assay(se, 'offsets', withDimname...
R/calculateOffsets.R#L147     } else if (method %in% c("AS", "prop...
R/calculateOffsets.R#L164         message(paste("Using ", aggregat...
R/calculateOffsets.R#L194                sum(rowData(se)$symbol ==...
R/calculateOffsets.R#L199                                         ...
R/calculateOffsets.R#L202                     offsets <- merge(lis...
R/calculateOffsets.R#L206                     order <- match(rowDa...
R/calculateOffsets.R#L222                                         ...
R/calculateOffsets.R#L223                                         ...
R/calculateOffsets.R#L225                                         ...
R/calculateOffsets.R#L226                                         ...
R/calculateOffsets.R#L228                     levels(rowData(se)$l...
R/calculateOffsets.R#L229                                         ...
R/calculateOffsets.R#L231                                         ...
R/calculateOffsets.R#L232                                         ...
R/calculateOffsets.R#L233                     rowData(se)$BooleanA...
R/calculateOffsets.R#L236                                         ...
R/calculateOffsets.R#L249             filter <- (!is.na(rowData(se...
R/calculateOffsets.R#L251             message(paste(sum(!filter), ...
R/convertASpli.R#L 48 #' @importFrom stats model.matrix p.adju...
R/convertASpli.R#L151                                         ...
R/convertASpli.R#L155     rowData$ASpliCluster[match(rownames(...
R/convertASpli.R#L159             "counts" = as.matrix(ASpliSE...
R/data.R#L 13 #' @description SummarizedExperiment con...
R/data.R#L 21 #' @description features used to count b...
R/data.R#L 24 #' @references Estefania Mancini, Andres...
R/data.R#L 31 #' @description SummarizedExperiment con...
R/data.R#L 38 #' @description SummarizedExperiment con...
R/data.R#L 45 #' @description SummarizedExperiment con...
R/saseRfindEncodingDim.R#L 67 #' @param scale boolean. If TRUE, the de...
R/saseRfindEncodingDim.R#L106 #' @importFrom stats model.matrix p.adju...
R/saseRfindEncodingDim.R#L146             stop("Please specify an anal...
R/saseRfindEncodingDim.R#L150             stop("Only AE and AS in the ...
R/saseRfindEncodingDim.R#L464     dimensions <- sum(d >= (optimal_SVHT...
R/saseRfindEncodingDim.R#L527             art_out <- qnbinom(p=prob_z,...
R/saseRfindEncodingDim.R#L530             art_out <- qnbinom(p=1-prob_...
R/saseRfindEncodingDim.R#L553 .injectOutliersHyperparamSplicing <- fun...
R/saseRfindEncodingDim.R#L589         currentProportionOutlier <- assa...
R/saseRfindEncodingDim.R#L590         ProportionOthers <- assays(se)$c...
R/saseRfindEncodingDim.R#L614             DeltaProportionOutlier <- ru...
R/saseRfindEncodingDim.R#L616             #outlier_count <- round((cur...
R/saseRfindEncodingDim.R#L618                 DeltaOthers <- -DeltaPro...
R/saseRfindEncodingDim.R#L620                 DeltaOthers <- -DeltaPro...
R/saseRfindEncodingDim.R#L624             #other_counts <- round((Prop...
R/saseRfindEncodingDim.R#L625             if((currentProportionOutlier...
R/saseRfindEncodingDim.R#L629                                         ...
R/saseRfindEncodingDim.R#L630                                         ...
R/saseRfindEncodingDim.R#L631                                         ...
R/saseRfindEncodingDim.R#L636             locusOutliers[rownames(locus...
R/saseRfindEncodingDim.R#L668     order <- match(rownames(metadata(se)...
R/saseRfit.R#L 91 #' @importFrom stats model.matrix p.adju...
R/saseRfit.R#L277     number_of_known_confounders <- dim(m...
R/saseRfit.R#L307             formula <- update(getDesign(...
R/saseRfit.R#L311             design <- model.matrix(~ 1 +...
R/saseRfit.R#L422     mu_removed <- assays(se_removed)$off...
R/saseRfit.R#L432     pvalues_before_group <- data.frame(a...
R/saseRfit.R#L448         apply(X = assay(se, 'pValue', wi...
man/ASpliSE.Rd#L 13 SummarizedExperiment containing gene cou...
man/features.Rd#L 22 Estefania Mancini, Andres Rabinovich, Ja...
man/saseR-package.Rd#L  9 saseR is a highly performant and fast fr...
man/saseR-package.Rd#L 25   \item Mattias Van Heetvelde \email{Mat...
man/saseRfindEncodingDim.Rd#L 76 \item{scale}{boolean. If TRUE, the devia...
man/SEbins.Rd#L 13 SummarizedExperiment containing bin-leve...
man/SEgenes.Rd#L 13 SummarizedExperiment containing gene-lev...
man/SEjunctions.Rd#L 13 SummarizedExperiment containing junction...
vignettes/Vignette.Rmd#L245 to estimate the optimal `number of laten...
vignettes/Vignette.Rmd#L248 which performs a `singular value decompo...
vignettes/Vignette.Rmd#L249 we recommend using the Gavish and Donoho...
vignettes/Vignette.Rmd#L268 fitting procedures such as DESeq2 and ed...
vignettes/Vignette.Rmd#L270 edgeR parameter estimation could be used...
vignettes/Vignette.Rmd#L297                    function(x) {rownames...
vignettes/Vignette.Rmd#L367 to estimate the optimal `number of laten...
vignettes/Vignette.Rmd#L370 [@RUV], which performs a `singular value...
vignettes/Vignette.Rmd#L394 edgeR parameter estimation could be used...
vignettes/Vignette.Rmd#L427                    function(x) {rownames...
vignettes/Vignette.Rmd#L447                    function(x) {rownames...
vignettes/Vignette.Rmd#L450                    function(x) {rownames...
vignettes/Vignette.Rmd#L514 Now that we have a count matrix, we can ...
* NOTE: Consider multiples of 4 spaces for line indents; 275 lines (8%) are not.
First few lines:
R/Accessors.R#L 11           signature = "SummarizedExperim...
R/Accessors.R#L 12           definition = function(object) ...
R/Accessors.R#L 16           signature = "SummarizedExperim...
R/Accessors.R#L 17           definition = function(object) ...
R/Accessors.R#L 21           signature = "SummarizedExperim...
R/Accessors.R#L 22           definition = function(object) ...
R/BamtoAspliCounts.R#L104                            features,...
R/BamtoAspliCounts.R#L105                            targets,...
R/BamtoAspliCounts.R#L106                            minReadLength...
R/BamtoAspliCounts.R#L107                            maxISize = 50...
R/BamtoAspliCounts.R#L108                            libType="PE",...
R/BamtoAspliCounts.R#L109                            strandMode=0,...
R/BamtoAspliCounts.R#L110                            minAnchor = 0...
R/BamtoAspliCounts.R#L111                            threshold = 5...
R/BamtoAspliCounts.R#L112                            BPPARAM = bpp...
R/BamtoAspliCounts.R#L116                            targets = tar...
R/BamtoAspliCounts.R#L117                            minReadLength...
R/BamtoAspliCounts.R#L118                            maxISize = ma...
R/BamtoAspliCounts.R#L119                            minAnchor = m...
R/BamtoAspliCounts.R#L120                            libType=libTy...
R/BamtoAspliCounts.R#L121                            strandMode=st...
R/BamtoAspliCounts.R#L122                            BPPARAM = BPP...
R/BamtoAspliCounts.R#L126                                features ...
R/BamtoAspliCounts.R#L127                                minReadLe...
R/BamtoAspliCounts.R#L128                                threshold...
R/BamtoAspliCounts.R#L129                                minAnchor...
R/BamtoAspliCounts.R#L130                                libType=l...
R/BamtoAspliCounts.R#L131                                strandMod...
R/BamtoAspliCounts.R#L137                                         ...
R/BamtoAspliCounts.R#L138                                         ...
R/BamtoAspliCounts.R#L141                                         ...
R/BamtoAspliCounts.R#L151                       maxISize, minAncho...
R/BamtoAspliCounts.R#L152                       libType="SE",...
R/BamtoAspliCounts.R#L153                       strandMode=0,...
R/BamtoAspliCounts.R#L154                       BPPARAM = bpparam(...
R/BamtoAspliCounts.R#L157                           bam = NULL,...
R/BamtoAspliCounts.R#L158                           targets = targ...
R/BamtoAspliCounts.R#L159                           readLength = m...
R/BamtoAspliCounts.R#L160                           maxISize = max...
R/BamtoAspliCounts.R#L161                           minAnchor = mi...
R/BamtoAspliCounts.R#L162                           libType=libTyp...
R/BamtoAspliCounts.R#L163                           strandMode=str...
R/BamtoAspliCounts.R#L164                           BPPARAM = BPPA...
R/BamtoAspliCounts.R#L233                                         ...
R/BamtoAspliCounts.R#L241                                        A...
R/BamtoAspliCounts.R#L249                                        A...
R/BamtoAspliCounts.R#L259                                         ...
R/BamtoAspliCounts.R#L260                                         ...
R/BamtoAspliCounts.R#L308                           features = fea...
R/BamtoAspliCounts.R#L309                           targets = targ...
R/BamtoAspliCounts.R#L310                           minReadLength ...
R/BamtoAspliCounts.R#L311                           maxISize = max...
R/BamtoAspliCounts.R#L312                           minA = minA,...
R/BamtoAspliCounts.R#L313                           libType=libTyp...
R/BamtoAspliCounts.R#L314                           strandMode=str...
R/BamtoAspliCounts.R#L317                            libType=libTy...
R/BamtoAspliCounts.R#L318                            strandMode=st...
R/BamtoAspliCounts.R#L333                   bins[ mcols(bins)$feat...
R/BamtoAspliCounts.R#L334                   bins[ mcols(bins)$even...
R/BamtoAspliCounts.R#L367                            targets,...
R/BamtoAspliCounts.R#L368                            features,...
R/BamtoAspliCounts.R#L369                            bam,...
R/BamtoAspliCounts.R#L370                            readLength,...
R/BamtoAspliCounts.R#L371                            threshold = 5...
R/BamtoAspliCounts.R#L372                            cores = 1,...
R/BamtoAspliCounts.R#L373                            minAnchor = 1...
R/BamtoAspliCounts.R#L374                            libType=libTy...
R/BamtoAspliCounts.R#L375                            strandMode=st...
R/BamtoAspliCounts.R#L421                                    libTy...
R/BamtoAspliCounts.R#L440                                  seq(fro...
R/BamtoAspliCounts.R#L441                                  seq(fro...
R/BamtoAspliCounts.R#L442                                  seq(fro...
R/BamtoAspliCounts.R#L472                      countsb(counts)[cou...
R/BamtoAspliCounts.R#L473                      countsb(counts)[cou...
R/BamtoAspliCounts.R#L474                      countsb(counts)[cou...
R/BamtoAspliCounts.R#L488                                   nrow =...
R/BamtoAspliCounts.R#L489                                   ncol =...
R/BamtoAspliCounts.R#L490                           stringsAsFacto...
R/calculateOffsets.R#L115                              method,...
R/calculateOffsets.R#L116                              aggregation...
R/calculateOffsets.R#L117                              zeroCountOf...
R/calculateOffsets.R#L118                              zeroOffsets...
R/calculateOffsets.R#L119                              mergeGeneAS...
R/calculateOffsets.R#L120                              filterna = ...
R/calculateOffsets.R#L121                              saveall = F...
R/calculateOffsets.R#L124              Examples are TMM, geommean,...
R/calculateOffsets.R#L132                                         ...
R/calculateOffsets.R#L133                                         ...
R/calculateOffsets.R#L134                                      nco...
R/calculateOffsets.R#L166                              by = list("...
R/calculateOffsets.R#L167                                        a...
R/calculateOffsets.R#L168                              FUN = sum)...
R/calculateOffsets.R#L171                          offsets,...
R/calculateOffsets.R#L172                          by = "locus")...
R/calculateOffsets.R#L192                aggregation == "symbol" &...
R/calculateOffsets.R#L193                mergeGeneASpli == TRUE &...
R/calculateOffsets.R#L194                sum(rowData(se)$symbol ==...
R/calculateOffsets.R#L198                                         ...
R/calculateOffsets.R#L199                                         ...
R/calculateOffsets.R#L200                                         ...
R/calculateOffsets.R#L203                                      off...
R/calculateOffsets.R#L204                                      by ...
R/calculateOffsets.R#L222                                         ...
R/calculateOffsets.R#L225                                         ...
R/calculateOffsets.R#L226                                         ...
R/calculateOffsets.R#L229                                         ...
R/calculateOffsets.R#L231                                         ...
R/calculateOffsets.R#L232                                         ...
R/calculateOffsets.R#L236                                         ...
R/convertASpli.R#L101                                         ...
R/convertASpli.R#L122                                         ...
R/convertASpli.R#L137                                   colnam...
R/convertASpli.R#L152                                         ...
R/saseRfindEncodingDim.R#L119                                  method ...
R/saseRfindEncodingDim.R#L120                                  analysi...
R/saseRfindEncodingDim.R#L121                                dimension...
R/saseRfindEncodingDim.R#L122                                    2, mi...
R/saseRfindEncodingDim.R#L123                                freq=1E-2...
R/saseRfindEncodingDim.R#L124                                zScore=3,...
R/saseRfindEncodingDim.R#L125                                sdlog=log...
R/saseRfindEncodingDim.R#L126                                lnorm=TRU...
R/saseRfindEncodingDim.R#L127                                inj='both...
R/saseRfindEncodingDim.R#L128                                BPPARAM=b...
R/saseRfindEncodingDim.R#L129                                aggregati...
R/saseRfindEncodingDim.R#L130                                scale = T...
R/saseRfindEncodingDim.R#L131                                ...) {...
R/saseRfindEncodingDim.R#L135              be GD (GavishDonoho thresho...
R/saseRfindEncodingDim.R#L136              manually impute the number ...
R/saseRfindEncodingDim.R#L137              fitting the model.")...
R/saseRfindEncodingDim.R#L147              expression and AS for aberr...
R/saseRfindEncodingDim.R#L151              the optimal number of laten...
R/saseRfindEncodingDim.R#L191                                      fit...
R/saseRfindEncodingDim.R#L217                                dimension...
R/saseRfindEncodingDim.R#L218                                    2, mi...
R/saseRfindEncodingDim.R#L219                                freq=1E-2...
R/saseRfindEncodingDim.R#L220                                zScore=3,...
R/saseRfindEncodingDim.R#L221                                sdlog=log...
R/saseRfindEncodingDim.R#L222                                lnorm=TRU...
R/saseRfindEncodingDim.R#L223                                inj='both...
R/saseRfindEncodingDim.R#L224                                BPPARAM=b...
R/saseRfindEncodingDim.R#L225                                scale = T...
R/saseRfindEncodingDim.R#L226                                ...){...
R/saseRfindEncodingDim.R#L235                            method = "geo...
R/saseRfindEncodingDim.R#L246                            method = "TMM...
R/saseRfindEncodingDim.R#L256                                      fit...
R/saseRfindEncodingDim.R#L275                      FUN=function(i, ......
R/saseRfindEncodingDim.R#L276                          .evalAutoCorrec...
R/saseRfindEncodingDim.R#L277                                         ...
R/saseRfindEncodingDim.R#L278                                         ...
R/saseRfindEncodingDim.R#L279                                         ...
R/saseRfindEncodingDim.R#L280                                         ...
R/saseRfindEncodingDim.R#L333                            method = "pro...
R/saseRfindEncodingDim.R#L334                            aggregation =...
R/saseRfindEncodingDim.R#L335                            zeroCountOffs...
R/saseRfindEncodingDim.R#L336                            zeroOffsets =...
R/saseRfindEncodingDim.R#L347                                      fit...
R/saseRfindEncodingDim.R#L374                      FUN=function(i, ......
R/saseRfindEncodingDim.R#L375                          .evalAutoCorrec...
R/saseRfindEncodingDim.R#L376                                         ...
R/saseRfindEncodingDim.R#L377                                         ...
R/saseRfindEncodingDim.R#L378                                         ...
R/saseRfindEncodingDim.R#L379                                         ...
R/saseRfindEncodingDim.R#L411                   analysis = analysis,...
R/saseRfindEncodingDim.R#L412                   dimensions = dimension...
R/saseRfindEncodingDim.R#L413                   beta_initial = beta_in...
R/saseRfindEncodingDim.R#L414                   padjust = "none",...
R/saseRfindEncodingDim.R#L415                   ...)...
R/saseRfindEncodingDim.R#L484            low = { index <- -abs(index) ...
R/saseRfindEncodingDim.R#L485            high = { index <- abs(index) ...
R/saseRfindEncodingDim.R#L545                                         ...
R/saseRfindEncodingDim.R#L565            low = { index <- -abs(index) ...
R/saseRfindEncodingDim.R#L566            high = { index <- abs(index) ...
R/saseRfindEncodingDim.R#L626                ( ProportionOthers + Delt...
R/saseRfindEncodingDim.R#L631                                         ...
R/saseRfit.R#L113                      analysis,...
R/saseRfit.R#L114                      dimensions = NULL,...
R/saseRfit.R#L115                      padjust = "BH",...
R/saseRfit.R#L116                      BPPARAM = bpparam()...
R/saseRfit.R#L117                      fit = "fast",...
R/saseRfit.R#L118                      scale = TRUE,...
R/saseRfit.R#L119                      robustPCA = FALSE,...
R/saseRfit.R#L120                      ignore_samples = NU...
R/saseRfit.R#L160                                         ...
R/saseRfit.R#L178                                         ...
R/saseRfit.R#L179                                         ...
R/saseRfit.R#L180                                         ...
R/saseRfit.R#L217                   analysis = analysis,...
R/saseRfit.R#L218                   dimensions = dimension...
R/saseRfit.R#L219                   beta_initial = beta_in...
R/saseRfit.R#L220                   padjust = padjust,...
R/saseRfit.R#L221                   fit = fit)...
R/saseRfit.R#L339                                    mean ...
R/saseRfit.R#L340                                    dispe...
R/saseRfit.R#L359           design <- model.matrix(design,...
R/saseRfit.R#L374                          design = metada...
R/saseRfit.R#L398                    max)...
man/BamtoAspliCounts.Rd#L  9   features,...
man/BamtoAspliCounts.Rd#L 10   targets,...
man/BamtoAspliCounts.Rd#L 11   minReadLength = 100,...
man/BamtoAspliCounts.Rd#L 12   maxISize = 50000,...
man/BamtoAspliCounts.Rd#L 13   libType = "PE",...
man/BamtoAspliCounts.Rd#L 14   strandMode = 0,...
man/BamtoAspliCounts.Rd#L 15   minAnchor = 0,...
man/BamtoAspliCounts.Rd#L 16   threshold = 5,...
man/BamtoAspliCounts.Rd#L 17   BPPARAM = bpparam()...
man/BamtoAspliCounts.Rd#L 43  the following stranded protocols: Direc...
man/BamtoAspliCounts.Rd#L 44  SOLiD. 2: strand of the pair is strand ...
man/BamtoAspliCounts.Rd#L 45  This mode should be used when the paire...
man/BamtoAspliCounts.Rd#L 46  of the following stranded protocols: dU...
man/BamtoAspliCounts.Rd#L 47  TruSeq PE protocol. For more informatio...
man/BamtoAspliCounts.Rd#L 73  "D"), 2, each = 3), paste0(rep(0:2, 2),...
man/calculateOffsets.Rd#L  9   se,...
man/calculateOffsets.Rd#L 10   method,...
man/calculateOffsets.Rd#L 11   aggregation = NULL,...
man/calculateOffsets.Rd#L 12   zeroCountOffsets = 1,...
man/calculateOffsets.Rd#L 13   zeroOffsets = 1,...
man/calculateOffsets.Rd#L 14   mergeGeneASpli = TRUE,...
man/calculateOffsets.Rd#L 15   filterna = TRUE,...
man/calculateOffsets.Rd#L 16   saveall = FALSE...
man/calculateOffsets.Rd#L 94                            method = "AS"...
man/calculateOffsets.Rd#L 95                            aggregation =...
man/saseR-package.Rd#L 14   \item \url{https://github.com/statOmic...
man/saseR-package.Rd#L 15   \item \doi{10.1101/2023.06.29.547014}...
man/saseR-package.Rd#L 24   \item Jeroen Gilis \email{Jeroen.Gilis...
man/saseR-package.Rd#L 25   \item Mattias Van Heetvelde \email{Mat...
man/saseR-package.Rd#L 26   \item Elfride De Baere \email{Elfride....
man/saseR-package.Rd#L 27   \item Lieven Clement \email{Lieven.Cle...
man/saseRfindEncodingDim.Rd#L  9   se,...
man/saseRfindEncodingDim.Rd#L 10   method = "GD",...
man/saseRfindEncodingDim.Rd#L 11   analysis,...
man/saseRfindEncodingDim.Rd#L 12   dimensions = seq(2, min(100, ncol(se) ...
man/saseRfindEncodingDim.Rd#L 13   freq = 0.01,...
man/saseRfindEncodingDim.Rd#L 14   zScore = 3,...
man/saseRfindEncodingDim.Rd#L 15   sdlog = log(1.6),...
man/saseRfindEncodingDim.Rd#L 16   lnorm = TRUE,...
man/saseRfindEncodingDim.Rd#L 17   inj = "both",...
man/saseRfindEncodingDim.Rd#L 18   BPPARAM = bpparam(),...
man/saseRfindEncodingDim.Rd#L 19   aggregation,...
man/saseRfindEncodingDim.Rd#L 20   scale = TRUE,...
man/saseRfindEncodingDim.Rd#L 21   ......
man/saseRfindEncodingDim.Rd#L 33  This formula must be based on the colDa...
man/saseRfindEncodingDim.Rd#L 34  covariates are included.}...
man/saseRfit.Rd#L  8   se,...
man/saseRfit.Rd#L  9   analysis,...
man/saseRfit.Rd#L 10   dimensions = NULL,...
man/saseRfit.Rd#L 11   padjust = "BH",...
man/saseRfit.Rd#L 12   BPPARAM = bpparam(),...
man/saseRfit.Rd#L 13   fit = "fast",...
man/saseRfit.Rd#L 14   scale = TRUE,...
man/saseRfit.Rd#L 15   robustPCA = FALSE,...
man/saseRfit.Rd#L 16   ignore_samples = NULL...
man/saseRfit.Rd#L 89                    analysis = "AS",...
man/saseRfit.Rd#L 90                    padjust = "BH",...
man/saseRfit.Rd#L 91                    fit = "fast")...
vignettes/Vignette.Rmd#L 76  ...
vignettes/Vignette.Rmd#L133   row.names = paste0('Sample',c(1:12)),...
vignettes/Vignette.Rmd#L134   bam = BAMFiles,...
vignettes/Vignette.Rmd#L135   f1 = rep("A",12),...
vignettes/Vignette.Rmd#L136   stringsAsFactors = FALSE)...
vignettes/Vignette.Rmd#L264                    function(x) {assays(S...
vignettes/Vignette.Rmd#L268                    function(x) {rownames...
vignettes/Vignette.Rmd#L271                    function(x) {rownames...
vignettes/Vignette.Rmd#L393                    function(x) {assays(S...
vignettes/Vignette.Rmd#L398                    function(x) {rownames...
vignettes/Vignette.Rmd#L401                    function(x) {rownames...
vignettes/Vignette.Rmd#L417                    function(x) {metadata...
vignettes/Vignette.Rmd#L421                    function(x) {rownames...
vignettes/Vignette.Rmd#L424                    function(x) {rownames...
vignettes/Vignette.Rmd#L471                                   linked...
vignettes/Vignette.Rmd#L507                      by = list("gene" = ...
vignettes/Vignette.Rmd#L509                      mutate("gene" = NUL...
vignettes/Vignette.Rmd#L510                      as.matrix() ...
vignettes/Vignette.Rmd#L534                               colData = ...
vignettes/Vignette.Rmd#L535                               rowData = ...
vignettes/Vignette.Rmd#L536                               design= ~ ...
* Checking if package already exists in CRAN... OK
* Checking for bioc-devel mailing list subscription...
* NOTE: Cannot determine whether maintainer is subscribed to the Bioc-Devel mailing list (requires admin credentials). Subscribe here: https://stat.ethz.ch/mailman/listinfo/bioc-devel
* Checking for support site registration...
* ERROR: Maintainer must register at the support site; visit https://support.bioconductor.org/accounts/signup/
